########### array before sorts ###########
0	-61.539500	39.890700	26.098500	39.845300	n
1	26.098500	39.845300	26.041594	101.098600	n
2	26.041594	101.098600	-61.551006	101.200200	n
3	-61.551006	101.200200	-61.539500	39.890700	n
Tolerance=0.050000.
*Exact match for i=0 and j=1.
*i point -61.539500	39.890700	26.098500	39.845300	y
*Exact match for i=1 and j=2.
*i point 26.098500	39.845300	26.041594	101.098600	y
*Exact match for i=2 and j=3.
*i point 26.041594	101.098600	-61.551006	101.200200	y
########### array after sorts ###########
0	-61.539500	39.890700	26.098500	39.845300	y
1	26.098500	39.845300	26.041594	101.098600	y
2	26.041594	101.098600	-61.551006	101.200200	y
3	-61.551006	101.200200	-61.539500	39.890700	y
***************
.BOARD_OUTLINE UNOWNED
1.6
0     -61.539500     39.890700     0
0     26.098500     39.845300     0
0     26.041594     101.098600     0
0     -61.551006     101.200200     0
0     -61.539500     39.890700     0
